<?xml version="1.0" encoding="UTF-8"?>
<testng-results skipped="0" failed="0" total="1" passed="1">
  <reporter-output>
  </reporter-output>
  <suite name="Default suite" duration-ms="34616" started-at="2019-09-27T03:10:43Z" finished-at="2019-09-27T03:11:18Z">
    <groups>
    </groups>
    <test name="Default test" duration-ms="34616" started-at="2019-09-27T03:10:43Z" finished-at="2019-09-27T03:11:18Z">
      <class name="com.training.sanity.tests.CheckwithLoginTests">
        <test-method status="PASS" signature="setUpBeforeClass()[pri:0, instance:com.training.sanity.tests.CheckwithLoginTests@ea4a92b]" name="setUpBeforeClass" is-config="true" duration-ms="16" started-at="2019-09-27T08:40:43Z" finished-at="2019-09-27T08:40:43Z">
          <reporter-output>
          </reporter-output>
        </test-method> <!-- setUpBeforeClass -->
        <test-method status="PASS" signature="setUp()[pri:0, instance:com.training.sanity.tests.CheckwithLoginTests@ea4a92b]" name="setUp" is-config="true" duration-ms="14068" started-at="2019-09-27T08:40:43Z" finished-at="2019-09-27T08:40:57Z">
          <reporter-output>
          </reporter-output>
        </test-method> <!-- setUp -->
        <test-method status="PASS" signature="validLoginFunTest()[pri:0, instance:com.training.sanity.tests.CheckwithLoginTests@ea4a92b]" name="validLoginFunTest" duration-ms="18628" started-at="2019-09-27T08:40:57Z" finished-at="2019-09-27T08:41:16Z">
          <reporter-output>
          </reporter-output>
        </test-method> <!-- validLoginFunTest -->
        <test-method status="PASS" signature="tearDown()[pri:0, instance:com.training.sanity.tests.CheckwithLoginTests@ea4a92b]" name="tearDown" is-config="true" duration-ms="1886" started-at="2019-09-27T08:41:16Z" finished-at="2019-09-27T08:41:18Z">
          <reporter-output>
          </reporter-output>
        </test-method> <!-- tearDown -->
      </class> <!-- com.training.sanity.tests.CheckwithLoginTests -->
    </test> <!-- Default test -->
  </suite> <!-- Default suite -->
</testng-results>
